Build started 26.9.2012 г. 11:09:58 ч..
     1>Project "D:\GIT Hub\Calc\Nota_Calc\Nota_Calc\Nota_Calc.vcxproj" on node 2 (build target(s)).
     1>PrepareForBuild:
         Creating directory "D:\GIT Hub\Calc\Nota_Calc\Debug\".
       InitializeBuildStatus:
         Creating "Debug\Nota_Calc.unsuccessfulbuild" because "AlwaysCreate" was specified.
       ClCompile:
         C:\Program Files (x86)\Microsoft Visual Studio 10.0\VC\bin\CL.exe /c /ZI /nologo /W3 /WX- /Od /Oy- /D WIN32 /D _DEBUG /D _WINDOWS /D _UNICODE /D UNICODE /Gm /EHsc /RTC1 /MDd /GS /fp:precise /Zc:wchar_t /Zc:forScope /Yc"StdAfx.h" /Fp"Debug\Nota_Calc.pch" /Fo"Debug\\" /Fd"Debug\vc100.pdb" /Gd /TP /analyze- /errorReport:prompt stdafx.cpp
         stdafx.cpp
         C:\Program Files (x86)\Microsoft Visual Studio 10.0\VC\bin\CL.exe /c /ZI /nologo /W3 /WX- /Od /Oy- /D WIN32 /D _DEBUG /D _WINDOWS /D _UNICODE /D UNICODE /Gm /EHsc /RTC1 /MDd /GS /fp:precise /Zc:wchar_t /Zc:forScope /Yu"StdAfx.h" /Fp"Debug\Nota_Calc.pch" /Fo"Debug\\" /Fd"Debug\vc100.pdb" /Gd /TP /analyze- /errorReport:prompt Nota_Calc.cpp
         Nota_Calc.cpp
       ResourceCompile:
         C:\Program Files (x86)\Microsoft SDKs\Windows\v7.0A\bin\rc.exe /D _UNICODE /D UNICODE /l"0x0409" /nologo /fo"Debug\Nota_Calc.res" Nota_Calc.rc 
       ManifestResourceCompile:
         C:\Program Files (x86)\Microsoft SDKs\Windows\v7.0A\bin\rc.exe /nologo /fo"Debug\Nota_Calc.exe.embed.manifest.res" Debug\Nota_Calc_manifest.rc 
       Link:
         C:\Program Files (x86)\Microsoft Visual Studio 10.0\VC\bin\link.exe /ERRORREPORT:PROMPT /OUT:"D:\GIT Hub\Calc\Nota_Calc\Debug\Nota_Calc.exe" /INCREMENTAL /NOLOGO kernel32.lib user32.lib gdi32.lib winspool.lib comdlg32.lib advapi32.lib shell32.lib ole32.lib oleaut32.lib uuid.lib odbc32.lib odbccp32.lib /MANIFEST /ManifestFile:"Debug\Nota_Calc.exe.intermediate.manifest" /MANIFESTUAC:"level='asInvoker' uiAccess='false'" /DEBUG /PDB:"D:\GIT Hub\Calc\Nota_Calc\Debug\Nota_Calc.pdb" /SUBSYSTEM:WINDOWS /TLBID:1 /DYNAMICBASE /NXCOMPAT /IMPLIB:"D:\GIT Hub\Calc\Nota_Calc\Debug\Nota_Calc.lib" /MACHINE:X86 Debug\Nota_Calc.res
         Debug\Nota_Calc.exe.embed.manifest.res
         Debug\Nota_Calc.obj
         Debug\stdafx.obj
       Manifest:
         C:\Program Files (x86)\Microsoft SDKs\Windows\v7.0A\bin\mt.exe /nologo /verbose /out:"Debug\Nota_Calc.exe.embed.manifest" /manifest Debug\Nota_Calc.exe.intermediate.manifest
         C:\Program Files (x86)\Microsoft SDKs\Windows\v7.0A\bin\rc.exe /nologo /fo"Debug\Nota_Calc.exe.embed.manifest.res" Debug\Nota_Calc_manifest.rc 
       LinkEmbedManifest:
         C:\Program Files (x86)\Microsoft Visual Studio 10.0\VC\bin\link.exe /ERRORREPORT:PROMPT /OUT:"D:\GIT Hub\Calc\Nota_Calc\Debug\Nota_Calc.exe" /INCREMENTAL /NOLOGO kernel32.lib user32.lib gdi32.lib winspool.lib comdlg32.lib advapi32.lib shell32.lib ole32.lib oleaut32.lib uuid.lib odbc32.lib odbccp32.lib /MANIFEST /ManifestFile:"Debug\Nota_Calc.exe.intermediate.manifest" /MANIFESTUAC:"level='asInvoker' uiAccess='false'" /DEBUG /PDB:"D:\GIT Hub\Calc\Nota_Calc\Debug\Nota_Calc.pdb" /SUBSYSTEM:WINDOWS /TLBID:1 /DYNAMICBASE /NXCOMPAT /IMPLIB:"D:\GIT Hub\Calc\Nota_Calc\Debug\Nota_Calc.lib" /MACHINE:X86 Debug\Nota_Calc.res
         Debug\Nota_Calc.exe.embed.manifest.res
         Debug\Nota_Calc.obj
         Debug\stdafx.obj
         Nota_Calc.vcxproj -> D:\GIT Hub\Calc\Nota_Calc\Debug\Nota_Calc.exe
       FinalizeBuildStatus:
         Deleting file "Debug\Nota_Calc.unsuccessfulbuild".
         Touching "Debug\Nota_Calc.lastbuildstate".
     1>Done Building Project "D:\GIT Hub\Calc\Nota_Calc\Nota_Calc\Nota_Calc.vcxproj" (build target(s)).

Build succeeded.

Time Elapsed 00:00:03.04
